\BOOKMARK [0][-]{chapter*.1}{\376\377\144\130\211\201}{}% 1
\BOOKMARK [0][-]{chapter*.2}{\376\377\000A\000b\000s\000t\000r\000a\000c\000t}{}% 2
\BOOKMARK [0][-]{chapter*.3}{\376\377\166\356\153\041}{}% 3
\BOOKMARK [0][-]{chapter*.4}{\376\377\143\322\126\376}{}% 4
\BOOKMARK [0][-]{chapter*.5}{\376\377\210\150\150\074}{}% 5
\BOOKMARK [0][-]{chapter.1}{\376\377\0001\000\040\000\040\176\352\213\272}{}% 6
\BOOKMARK [1][-]{section.1.1}{\376\377\0001\000.\0001\000\040\170\024\172\166\200\314\146\157}{chapter.1}% 7
\BOOKMARK [1][-]{section.1.2}{\376\377\0001\000.\0002\000\040\170\024\172\166\121\205\133\271}{chapter.1}% 8
\BOOKMARK [2][-]{subsection.1.2.1}{\376\377\0001\000.\0002\000.\0001\000\040\127\372\116\216\134\136\140\047\117\335\143\001\133\371\142\227\133\146\116\140\166\204\226\366\150\067\147\054\162\151\117\123\122\006\174\173}{section.1.2}% 9
\BOOKMARK [2][-]{subsection.1.2.2}{\376\377\0001\000.\0002\000.\0002\000\040\127\372\116\216\123\315\116\213\133\236\131\032\146\172\200\375\117\123\133\146\116\140\166\204\127\072\146\157\126\376\165\037\142\020}{section.1.2}% 10
\BOOKMARK [2][-]{subsection.1.2.3}{\376\377\0001\000.\0002\000.\0003\000\040\127\372\116\216\220\032\220\123\154\350\141\017\122\233\147\072\122\066\166\204\211\306\211\311\143\317\217\360\165\037\142\020}{section.1.2}% 11
\BOOKMARK [2][-]{subsection.1.2.4}{\376\377\0001\000.\0002\000.\0004\000\040\127\372\116\216\133\306\226\306\127\213\201\352\136\225\124\021\116\012\150\106\147\266\166\204\211\306\211\311\150\300\175\042}{section.1.2}% 12
\BOOKMARK [2][-]{subsection.1.2.5}{\376\377\0001\000.\0002\000.\0005\000\040\127\372\116\216\123\315\116\213\133\236\150\067\147\054\165\037\142\020\166\204\211\306\211\311\225\356\173\124}{section.1.2}% 13
\BOOKMARK [1][-]{section.1.3}{\376\377\0001\000.\0003\000\040\147\054\145\207\176\304\176\307\176\323\147\204}{chapter.1}% 14
\BOOKMARK [1][-]{section.1.4}{\376\377\0001\000.\0004\000\040\147\054\172\340\134\017\176\323}{chapter.1}% 15
\BOOKMARK [0][-]{chapter.2}{\376\377\0002\000\040\000\040\166\370\121\163\170\024\172\166\176\374\217\360}{}% 16
\BOOKMARK [1][-]{section.2.1}{\376\377\0002\000.\0001\000\040\226\366\150\067\147\054\162\151\117\123\213\306\122\053}{chapter.2}% 17
\BOOKMARK [2][-]{subsection.2.1.1}{\376\377\0002\000.\0001\000.\0001\000\040\226\366\150\067\147\054\133\146\116\140}{section.2.1}% 18
\BOOKMARK [2][-]{subsection.2.1.2}{\376\377\0002\000.\0001\000.\0002\000\040\127\337\120\117\171\373\225\356\230\230}{section.2.1}% 19
\BOOKMARK [2][-]{subsection.2.1.3}{\376\377\0002\000.\0001\000.\0003\000\040\133\371\142\227\165\037\142\020\177\121\176\334}{section.2.1}% 20
\BOOKMARK [1][-]{section.2.2}{\376\377\0002\000.\0002\000\040\126\376\120\317\127\072\146\157\126\376\165\037\142\020}{chapter.2}% 21
\BOOKMARK [2][-]{subsection.2.2.1}{\376\377\0002\000.\0002\000.\0001\000\040\127\072\146\157\126\376\165\037\142\020}{section.2.2}% 22
\BOOKMARK [2][-]{subsection.2.2.2}{\376\377\0002\000.\0002\000.\0002\000\040\131\032\146\172\200\375\117\123\173\126\165\145\150\257\136\246}{section.2.2}% 23
\BOOKMARK [1][-]{section.2.3}{\376\377\0002\000.\0003\000\040\126\376\120\317\143\317\217\360\213\355\123\345\165\037\142\020}{chapter.2}% 24
\BOOKMARK [1][-]{section.2.4}{\376\377\0002\000.\0004\000\040\211\306\230\221\162\107\153\265\150\300\175\042}{chapter.2}% 25
\BOOKMARK [2][-]{subsection.2.4.1}{\376\377\0002\000.\0004\000.\0001\000\040\127\372\116\216\145\207\147\054\166\204\211\306\230\221\162\107\153\265\150\300\175\042}{section.2.4}% 26
\BOOKMARK [2][-]{subsection.2.4.2}{\376\377\0002\000.\0004\000.\0002\000\040\127\372\116\216\211\306\230\221\166\204\211\306\230\221\162\107\153\265\150\300\175\042}{section.2.4}% 27
\BOOKMARK [2][-]{subsection.2.4.3}{\376\377\0002\000.\0004\000.\0003\000\040\201\352\116\012\124\021\116\013\150\106\147\266\116\016\201\352\136\225\124\021\116\012\150\106\147\266}{section.2.4}% 28
\BOOKMARK [1][-]{section.2.5}{\376\377\0002\000.\0005\000\040\126\376\120\317\211\306\211\311\225\356\173\124}{chapter.2}% 29
\BOOKMARK [2][-]{subsection.2.5.1}{\376\377\0002\000.\0005\000.\0001\000\040\211\306\211\311\225\356\173\124\152\041\127\213\166\204\145\207\147\054\120\117\135\356}{section.2.5}% 30
\BOOKMARK [2][-]{subsection.2.5.2}{\376\377\0002\000.\0005\000.\0002\000\040\211\306\211\311\225\356\173\124\152\041\127\213\166\204\162\171\140\047}{section.2.5}% 31
\BOOKMARK [0][-]{chapter.3}{\376\377\0003\000\040\000\040\127\372\116\216\134\136\140\047\117\335\143\001\166\204\226\366\150\067\147\054\162\151\117\123\122\006\174\173\145\271\154\325}{}% 32
\BOOKMARK [1][-]{section.3.1}{\376\377\0003\000.\0001\000\040\225\356\230\230\143\317\217\360}{chapter.3}% 33
\BOOKMARK [1][-]{section.3.2}{\376\377\0003\000.\0002\000\040\134\136\140\047\117\335\143\001\166\204\133\371\142\227\177\121\176\334\133\146\116\140}{chapter.3}% 34
\BOOKMARK [2][-]{subsection.3.2.1}{\376\377\0003\000.\0002\000.\0001\000\040\226\366\150\067\147\054\122\006\174\173\230\204\131\007\167\345\213\306}{section.3.2}% 35
\BOOKMARK [2][-]{subsection.3.2.2}{\376\377\0003\000.\0002\000.\0002\000\040\122\006\174\173\116\373\122\241\117\030\123\026\166\356\150\007}{section.3.2}% 36
\BOOKMARK [2][-]{subsection.3.2.3}{\376\377\0003\000.\0002\000.\0003\000\040\221\315\136\372\116\373\122\241\117\030\123\026\166\356\150\007}{section.3.2}% 37
\BOOKMARK [2][-]{subsection.3.2.4}{\376\377\0003\000.\0002\000.\0004\000\040\133\371\142\227\133\146\116\140\117\030\123\026\166\356\150\007}{section.3.2}% 38
\BOOKMARK [2][-]{subsection.3.2.5}{\376\377\0003\000.\0002\000.\0005\000\040\140\073\117\123\117\030\123\026\166\356\150\007}{section.3.2}% 39
\BOOKMARK [1][-]{section.3.3}{\376\377\0003\000.\0003\000\040\133\236\232\214\213\276\177\156\116\016\140\047\200\375\122\006\147\220}{chapter.3}% 40
\BOOKMARK [2][-]{subsection.3.3.1}{\376\377\0003\000.\0003\000.\0001\000\040\226\366\150\067\147\054\162\151\117\123\122\006\174\173\145\160\143\156\226\306}{section.3.3}% 41
\BOOKMARK [2][-]{subsection.3.3.2}{\376\377\0003\000.\0003\000.\0002\000\040\133\236\232\214\213\276\133\232\116\016\226\366\150\067\147\054\162\151\117\123\122\006\174\173\213\304\116\367\143\007\150\007}{section.3.3}% 42
\BOOKMARK [2][-]{subsection.3.3.3}{\376\377\0003\000.\0003\000.\0003\000\040\177\121\176\334\152\041\127\213\116\016\123\302\145\160\213\276\177\156}{section.3.3}% 43
\BOOKMARK [2][-]{subsection.3.3.4}{\376\377\0003\000.\0003\000.\0004\000\040\226\366\150\067\147\054\162\151\117\123\122\006\174\173\166\204\140\047\200\375\133\371\153\324}{section.3.3}% 44
\BOOKMARK [2][-]{subsection.3.3.5}{\376\377\0003\000.\0003\000.\0005\000\040\226\366\150\067\147\054\162\151\117\123\122\006\174\173\145\271\154\325\122\006\147\220}{section.3.3}% 45
\BOOKMARK [1][-]{section.3.4}{\376\377\0003\000.\0004\000\040\147\054\172\340\134\017\176\323}{chapter.3}% 46
\BOOKMARK [0][-]{chapter.4}{\376\377\0004\000\040\000\040\127\372\116\216\123\315\116\213\133\236\131\032\146\172\200\375\117\123\133\146\116\140\166\204\126\376\120\317\127\072\146\157\126\376\165\037\142\020\145\271\154\325}{}% 47
\BOOKMARK [1][-]{section.4.1}{\376\377\0004\000.\0001\000\040\225\356\230\230\143\317\217\360}{chapter.4}% 48
\BOOKMARK [1][-]{section.4.2}{\376\377\0004\000.\0002\000\040\123\315\116\213\133\236\131\032\146\172\200\375\117\123\133\146\116\140}{chapter.4}% 49
\BOOKMARK [1][-]{section.4.3}{\376\377\0004\000.\0003\000\040\133\236\232\214\213\276\177\156\116\016\140\047\200\375\133\371\153\324}{chapter.4}% 50
\BOOKMARK [2][-]{subsection.4.3.1}{\376\377\0004\000.\0003\000.\0001\000\040\126\376\120\317\127\072\146\157\126\376\165\037\142\020\145\160\143\156\226\306\116\016\133\236\232\214\213\276\133\232}{section.4.3}% 51
\BOOKMARK [2][-]{subsection.4.3.2}{\376\377\0004\000.\0003\000.\0002\000\040\133\236\232\214\176\306\202\202}{section.4.3}% 52
\BOOKMARK [1][-]{section.4.4}{\376\377\0004\000.\0004\000\040\147\054\172\340\134\017\176\323}{chapter.4}% 53
\BOOKMARK [0][-]{chapter.5}{\376\377\0005\000\040\000\040\127\372\116\216\220\032\220\123\154\350\141\017\122\233\147\072\122\066\166\204\126\376\120\317\143\317\217\360\213\355\123\345\165\037\142\020\145\271\154\325}{}% 54
\BOOKMARK [1][-]{section.5.1}{\376\377\0005\000.\0001\000\040\137\025\212\000}{chapter.5}% 55
\BOOKMARK [1][-]{section.5.2}{\376\377\0005\000.\0002\000\040\220\032\220\123\154\350\141\017\122\233\147\072\122\066}{chapter.5}% 56
\BOOKMARK [1][-]{section.5.3}{\376\377\0005\000.\0003\000\040\133\236\232\214\213\276\177\156\116\016\140\047\200\375\133\371\153\324}{chapter.5}% 57
\BOOKMARK [2][-]{subsection.5.3.1}{\376\377\0005\000.\0003\000.\0001\000\040\126\376\120\317\143\317\217\360\213\355\123\345\165\037\142\020\145\160\143\156\226\306}{section.5.3}% 58
\BOOKMARK [2][-]{subsection.5.3.2}{\376\377\0005\000.\0003\000.\0002\000\040\213\304\116\367\143\007\150\007}{section.5.3}% 59
\BOOKMARK [2][-]{subsection.5.3.3}{\376\377\0005\000.\0003\000.\0003\000\040\133\236\232\214\213\276\133\232}{section.5.3}% 60
\BOOKMARK [1][-]{section.5.4}{\376\377\0005\000.\0004\000\040\147\054\172\340\134\017\176\323}{chapter.5}% 61
\BOOKMARK [0][-]{chapter.6}{\376\377\0006\000\040\000\040\127\372\116\216\201\352\136\225\124\021\116\012\150\106\147\266\166\204\211\306\230\221\162\107\153\265\150\300\175\042\145\271\154\325}{}% 62
\BOOKMARK [1][-]{section.6.1}{\376\377\0006\000.\0001\000\040\137\025\212\000}{chapter.6}% 63
\BOOKMARK [1][-]{section.6.2}{\376\377\0006\000.\0002\000\040\211\306\230\221\162\107\153\265\150\300\175\042}{chapter.6}% 64
\BOOKMARK [1][-]{section.6.3}{\376\377\0006\000.\0003\000\040\133\236\232\214\213\276\177\156\116\016\140\047\200\375\133\371\153\324}{chapter.6}% 65
\BOOKMARK [2][-]{subsection.6.3.1}{\376\377\0006\000.\0003\000.\0001\000\040\211\306\230\221\162\107\153\265\150\300\175\042\145\160\143\156\226\306}{section.6.3}% 66
\BOOKMARK [2][-]{subsection.6.3.2}{\376\377\0006\000.\0003\000.\0002\000\040\213\304\116\367\143\007\150\007}{section.6.3}% 67
\BOOKMARK [1][-]{section.6.4}{\376\377\0006\000.\0004\000\040\147\054\172\340\134\017\176\323}{chapter.6}% 68
\BOOKMARK [0][-]{chapter.7}{\376\377\0007\000\040\000\040\127\372\116\216\123\315\116\213\133\236\150\067\147\054\165\037\142\020\166\204\126\376\120\317\211\306\211\311\225\356\173\124\145\271\154\325}{}% 69
\BOOKMARK [1][-]{section.7.1}{\376\377\0007\000.\0001\000\040\137\025\212\000}{chapter.7}% 70
\BOOKMARK [1][-]{section.7.2}{\376\377\0007\000.\0002\000\040\123\315\116\213\133\236\150\067\147\054\165\037\142\020}{chapter.7}% 71
\BOOKMARK [1][-]{section.7.3}{\376\377\0007\000.\0003\000\040\133\236\232\214\213\276\177\156\116\016\140\047\200\375\133\371\153\324}{chapter.7}% 72
\BOOKMARK [1][-]{section.7.4}{\376\377\0007\000.\0004\000\040\147\054\172\340\134\017\176\323}{chapter.7}% 73
\BOOKMARK [0][-]{chapter.8}{\376\377\0008\000\040\000\040\140\073\176\323\124\214\134\125\147\033}{}% 74
\BOOKMARK [1][-]{section.8.1}{\376\377\0008\000.\0001\000\040\147\054\145\207\135\345\117\134\140\073\176\323}{chapter.8}% 75
\BOOKMARK [1][-]{section.8.2}{\376\377\0008\000.\0002\000\040\147\052\147\145\170\024\172\166\134\125\147\033}{chapter.8}% 76
\BOOKMARK [0][-]{chapter*.21}{\376\377\123\302\200\003\145\207\163\056}{}% 77
\BOOKMARK [0][-]{chapter*.22}{\376\377\117\134\200\005\173\200\123\206\123\312\127\050\133\146\147\037\225\364\142\100\123\326\137\227\166\204\171\321\170\024\142\020\147\234}{}% 78
\BOOKMARK [0][-]{chapter*.26}{\376\377\201\364\214\042}{}% 79
