mktextfm SimSun/OT
mktextfm SimSun/OT
mktextfm KaiTi/OT
mktextfm KaiTi/B/OT
mktextfm SimHei/OT
mktextfm SimHei/I/OT
mktextfm SimSun/OT
mktextfm SimSun/BI/OT
mktextfm SimSun/OT
mktextfm SimSun/OT
mktextfm SimHei/OT
mktextfm SimHei/OT
mktextfm KaiTi/OT
mktextfm KaiTi/OT
mktextfm FangSong/OT
mktextfm FangSong/OT
mktextfm FangSong/OT
mktextfm FangSong/I/OT
mktextfm FangSong/OT
mktextfm FangSong/BI/OT
mktextfm FangSong/OT
mktextfm FangSong/I/OT
mktextfm FangSong/OT
mktextfm FangSong/OT
mktextfm FangSong/OT
mktextfm FangSong/OT
mktextfm SimSun/OT
mktextfm SimSun/OT
mktextfm SimSun/OT
mktextfm SimSun/I/OT
mktextfm SimSun/OT
mktextfm SimSun/BI/OT
mktextfm SimSun/OT
mktextfm SimSun/I/OT
mktextfm SimSun/OT
mktextfm SimSun/OT
mktextfm SimSun/OT
mktextfm SimSun/OT
mktextfm KaiTi/OT
mktextfm KaiTi/OT
mktextfm KaiTi/OT
mktextfm KaiTi/I/OT
mktextfm KaiTi/OT
mktextfm KaiTi/BI/OT
mktextfm KaiTi/OT
mktextfm KaiTi/I/OT
mktextfm KaiTi/OT
mktextfm KaiTi/OT
mktextfm KaiTi/OT
mktextfm KaiTi/OT
mktextfm SimHei/OT
mktextfm SimHei/OT
mktextfm SimHei/OT
mktextfm SimHei/I/OT
mktextfm SimHei/OT
mktextfm SimHei/BI/OT
mktextfm SimHei/OT
mktextfm SimHei/I/OT
mktextfm SimHei/OT
mktextfm SimHei/OT
mktextfm SimHei/OT
mktextfm SimHei/OT
mktextfm SimSun/OT
mktextfm SimSun/OT
mktextfm KaiTi/OT
mktextfm KaiTi/B/OT
mktextfm SimHei/OT
mktextfm SimHei/I/OT
mktextfm SimSun/OT
mktextfm SimSun/BI/OT
mktextfm SimSun/OT
mktextfm SimSun/OT
mktextfm SimHei/OT
mktextfm SimHei/OT
mktextfm KaiTi/OT
mktextfm KaiTi/OT
mktextfm FangSong/OT
mktextfm FangSong/OT
mktextfm FangSong/OT
mktextfm FangSong/I/OT
mktextfm FangSong/OT
mktextfm FangSong/BI/OT
mktextfm FangSong/OT
mktextfm FangSong/I/OT
mktextfm FangSong/OT
mktextfm FangSong/OT
mktextfm FangSong/OT
mktextfm FangSong/OT
mktextfm SimSun/OT
mktextfm SimSun/OT
mktextfm SimSun/OT
mktextfm SimSun/I/OT
mktextfm SimSun/OT
mktextfm SimSun/BI/OT
mktextfm SimSun/OT
mktextfm SimSun/I/OT
mktextfm SimSun/OT
mktextfm SimSun/OT
mktextfm SimSun/OT
mktextfm SimSun/OT
mktextfm KaiTi/OT
mktextfm KaiTi/OT
mktextfm KaiTi/OT
mktextfm KaiTi/I/OT
mktextfm KaiTi/OT
mktextfm KaiTi/BI/OT
mktextfm KaiTi/OT
mktextfm KaiTi/I/OT
mktextfm KaiTi/OT
mktextfm KaiTi/OT
mktextfm KaiTi/OT
mktextfm KaiTi/OT
mktextfm SimHei/OT
mktextfm SimHei/OT
mktextfm SimHei/OT
mktextfm SimHei/I/OT
mktextfm SimHei/OT
mktextfm SimHei/BI/OT
mktextfm SimHei/OT
mktextfm SimHei/I/OT
mktextfm SimHei/OT
mktextfm SimHei/OT
mktextfm SimHei/OT
mktextfm SimHei/OT
mktextfm SimSun/OT
mktextfm SimSun/OT
mktextfm KaiTi/OT
mktextfm KaiTi/B/OT
mktextfm SimHei/OT
mktextfm SimHei/I/OT
mktextfm SimSun/OT
mktextfm SimSun/BI/OT
mktextfm SimSun/OT
mktextfm SimSun/OT
mktextfm SimHei/OT
mktextfm SimHei/OT
mktextfm KaiTi/OT
mktextfm KaiTi/OT
mktextfm FangSong/OT
mktextfm FangSong/OT
mktextfm FangSong/OT
mktextfm FangSong/I/OT
mktextfm FangSong/OT
mktextfm FangSong/BI/OT
mktextfm FangSong/OT
mktextfm FangSong/I/OT
mktextfm FangSong/OT
mktextfm FangSong/OT
mktextfm FangSong/OT
mktextfm FangSong/OT
mktextfm SimSun/OT
mktextfm SimSun/OT
mktextfm SimSun/OT
mktextfm SimSun/I/OT
mktextfm SimSun/OT
mktextfm SimSun/BI/OT
mktextfm SimSun/OT
mktextfm SimSun/I/OT
mktextfm SimSun/OT
mktextfm SimSun/OT
mktextfm SimSun/OT
mktextfm SimSun/OT
mktextfm SimSun/OT
mktextfm SimSun/OT
mktextfm SimSun/OT
mktextfm SimSun/OT
mktextfm SimSun/OT
mktextfm KaiTi/OT
mktextfm KaiTi/B/OT
mktextfm SimHei/OT
mktextfm SimHei/I/OT
mktextfm SimSun/OT
mktextfm SimSun/BI/OT
mktextfm SimSun/OT
mktextfm SimSun/OT
mktextfm SimHei/OT
mktextfm SimHei/OT
mktextfm KaiTi/OT
mktextfm KaiTi/OT
mktextfm FangSong/OT
mktextfm FangSong/OT
mktextfm FangSong/OT
mktextfm FangSong/I/OT
mktextfm FangSong/OT
mktextfm FangSong/BI/OT
mktextfm FangSong/OT
mktextfm FangSong/I/OT
mktextfm FangSong/OT
mktextfm FangSong/OT
mktextfm FangSong/OT
mktextfm FangSong/OT
mktextfm SimSun/OT
mktextfm SimSun/OT
mktextfm SimSun/OT
mktextfm SimSun/I/OT
mktextfm SimSun/OT
mktextfm SimSun/BI/OT
mktextfm SimSun/OT
mktextfm SimSun/I/OT
mktextfm SimSun/OT
mktextfm SimSun/OT
mktextfm SimSun/OT
mktextfm SimSun/OT
mktextfm SimSun/OT
mktextfm SimSun/OT
mktextfm SimSun/OT
mktextfm SimSun/OT
mktextfm SimSun/OT
mktextfm KaiTi/OT
mktextfm KaiTi/B/OT
mktextfm SimHei/OT
mktextfm SimHei/I/OT
mktextfm SimSun/OT
mktextfm SimSun/BI/OT
mktextfm SimSun/OT
mktextfm SimSun/OT
mktextfm SimHei/OT
mktextfm SimHei/OT
mktextfm KaiTi/OT
mktextfm KaiTi/OT
mktextfm FangSong/OT
mktextfm FangSong/OT
mktextfm FangSong/OT
mktextfm FangSong/I/OT
mktextfm FangSong/OT
mktextfm FangSong/BI/OT
mktextfm FangSong/OT
mktextfm FangSong/I/OT
mktextfm FangSong/OT
mktextfm FangSong/OT
mktextfm FangSong/OT
mktextfm FangSong/OT
mktextfm SimSun/OT
mktextfm SimSun/OT
mktextfm SimSun/OT
mktextfm SimSun/I/OT
mktextfm SimSun/OT
mktextfm SimSun/BI/OT
mktextfm SimSun/OT
mktextfm SimSun/I/OT
mktextfm SimSun/OT
mktextfm SimSun/OT
mktextfm SimSun/OT
mktextfm SimSun/OT
mktextfm SimSun/OT
mktextfm SimSun/OT
mktextfm SimSun/OT
mktextfm SimSun/OT
mktextfm SimSun/OT
mktextfm KaiTi/OT
mktextfm KaiTi/B/OT
mktextfm SimHei/OT
mktextfm SimHei/I/OT
mktextfm SimSun/OT
mktextfm SimSun/BI/OT
mktextfm SimSun/OT
mktextfm SimSun/OT
mktextfm SimHei/OT
mktextfm SimHei/OT
mktextfm KaiTi/OT
mktextfm KaiTi/OT
mktextfm FangSong/OT
mktextfm FangSong/OT
mktextfm FangSong/OT
mktextfm FangSong/I/OT
mktextfm FangSong/OT
mktextfm FangSong/BI/OT
mktextfm FangSong/OT
mktextfm FangSong/I/OT
mktextfm FangSong/OT
mktextfm FangSong/OT
mktextfm FangSong/OT
mktextfm FangSong/OT
mktextfm SimSun/OT
mktextfm SimSun/OT
mktextfm SimSun/OT
mktextfm SimSun/I/OT
mktextfm SimSun/OT
mktextfm SimSun/BI/OT
mktextfm SimSun/OT
mktextfm SimSun/I/OT
mktextfm SimSun/OT
mktextfm SimSun/OT
mktextfm SimSun/OT
mktextfm SimSun/OT
mktextfm SimSun/OT
mktextfm SimSun/OT
mktextfm SimSun/OT
mktextfm AdobeSongStd-Light/OT
mktextfm AdobeSongStd-Light/OT
mktextfm AdobeKaitiStd-Regular/OT
mktextfm AdobeKaitiStd-Regular/B/OT
mktextfm AdobeHeitiStd-Regular/OT
mktextfm AdobeHeitiStd-Regular/I/OT
mktextfm AdobeSongStd-Light/OT
mktextfm AdobeSongStd-Light/BI/OT
mktextfm AdobeSongStd-Light/OT
mktextfm AdobeSongStd-Light/OT
mktextfm AdobeHeitiStd-Regular/OT
mktextfm AdobeHeitiStd-Regular/OT
mktextfm AdobeKaitiStd-Regular/OT
mktextfm AdobeKaitiStd-Regular/OT
mktextfm AdobeFangsongStd-Regular/OT
mktextfm AdobeFangsongStd-Regular/OT
mktextfm AdobeFangsongStd-Regular/OT
mktextfm AdobeFangsongStd-Regular/I/OT
mktextfm AdobeFangsongStd-Regular/OT
mktextfm AdobeFangsongStd-Regular/BI/OT
mktextfm AdobeFangsongStd-Regular/OT
mktextfm AdobeFangsongStd-Regular/I/OT
mktextfm AdobeFangsongStd-Regular/OT
mktextfm AdobeFangsongStd-Regular/OT
mktextfm AdobeFangsongStd-Regular/OT
mktextfm AdobeFangsongStd-Regular/OT
mktextfm AdobeSongStd-Light/OT
mktextfm AdobeSongStd-Light/OT
mktextfm AdobeSongStd-Light/OT
mktextfm AdobeSongStd-Light/I/OT
mktextfm AdobeSongStd-Light/OT
mktextfm AdobeSongStd-Light/BI/OT
mktextfm AdobeSongStd-Light/OT
mktextfm AdobeSongStd-Light/I/OT
mktextfm AdobeSongStd-Light/OT
mktextfm AdobeSongStd-Light/OT
mktextfm AdobeSongStd-Light/OT
mktextfm AdobeSongStd-Light/OT
mktextfm AdobeSongStd-Light/OT
mktextfm AdobeSongStd-Light/OT
mktextfm AdobeSongStd-Light/OT
mktextfm AdobeSongStd-Light/OT
mktextfm AdobeSongStd-Light/OT
mktextfm AdobeKaitiStd-Regular/OT
mktextfm AdobeKaitiStd-Regular/B/OT
mktextfm AdobeHeitiStd-Regular/OT
mktextfm AdobeHeitiStd-Regular/I/OT
mktextfm AdobeSongStd-Light/OT
mktextfm AdobeSongStd-Light/BI/OT
mktextfm AdobeSongStd-Light/OT
mktextfm AdobeSongStd-Light/OT
mktextfm AdobeHeitiStd-Regular/OT
mktextfm AdobeHeitiStd-Regular/OT
mktextfm AdobeKaitiStd-Regular/OT
mktextfm AdobeKaitiStd-Regular/OT
mktextfm AdobeFangsongStd-Regular/OT
mktextfm AdobeFangsongStd-Regular/OT
mktextfm AdobeFangsongStd-Regular/OT
mktextfm AdobeFangsongStd-Regular/I/OT
mktextfm AdobeFangsongStd-Regular/OT
mktextfm AdobeFangsongStd-Regular/BI/OT
mktextfm AdobeFangsongStd-Regular/OT
mktextfm AdobeFangsongStd-Regular/I/OT
mktextfm AdobeFangsongStd-Regular/OT
mktextfm AdobeFangsongStd-Regular/OT
mktextfm AdobeFangsongStd-Regular/OT
mktextfm AdobeFangsongStd-Regular/OT
mktextfm AdobeSongStd-Light/OT
mktextfm AdobeSongStd-Light/OT
mktextfm AdobeSongStd-Light/OT
mktextfm AdobeSongStd-Light/I/OT
mktextfm AdobeSongStd-Light/OT
mktextfm AdobeSongStd-Light/BI/OT
mktextfm AdobeSongStd-Light/OT
mktextfm AdobeSongStd-Light/I/OT
mktextfm AdobeSongStd-Light/OT
mktextfm AdobeSongStd-Light/OT
mktextfm AdobeSongStd-Light/OT
mktextfm AdobeSongStd-Light/OT
mktextfm AdobeSongStd-Light/OT
mktextfm AdobeSongStd-Light/OT
mktextfm AdobeSongStd-Light/OT
