This is XeTeX, Version 3.14159265-2.6-0.999991 (TeX Live 2019) (preloaded format=xelatex 2019.12.18)  30 JAN 2020 18:39
entering extended mode
 restricted \write18 enabled.
 %&-line parsing enabled.
**chap6.tex -recorder
(./chap6.tex
LaTeX2e <2018-12-01>
! Undefined control sequence.
l.1 \chapter
            {基于自底向上框架的视频片段检索方法}
The control sequence at the end of the top line
of your error message was never \def'ed. If you have
misspelled it (e.g., `\hobx'), type `I' and the correct
spelling (e.g., `I\hbox'). Otherwise just continue,
and I'll forget about whatever was undefined.


! LaTeX Error: Missing \begin{document}.

See the LaTeX manual or LaTeX Companion for explanation.
Type  H <return>  for immediate help.
 ...                                              
                                                  
l.1 \chapter{基
              于自底向上框架的视频片段检索方法}
You're in trouble here.  Try typing  <return>  to proceed.
If that doesn't work, type  X <return>  to quit.

Missing character: There is no 基 in font nullfont!
Missing character: There is no 于 in font nullfont!
Missing character: There is no 自 in font nullfont!
Missing character: There is no 底 in font nullfont!
Missing character: There is no 向 in font nullfont!
Missing character: There is no 上 in font nullfont!
Missing character: There is no 框 in font nullfont!
Missing character: There is no 架 in font nullfont!
Missing character: There is no 的 in font nullfont!
Missing character: There is no 视 in font nullfont!
Missing character: There is no 频 in font nullfont!
Missing character: There is no 片 in font nullfont!
Missing character: There is no 段 in font nullfont!
Missing character: There is no 检 in font nullfont!
Missing character: There is no 索 in font nullfont!
Missing character: There is no 方 in font nullfont!
Missing character: There is no 法 in font nullfont!

Overfull \hbox (20.0pt too wide) in paragraph at lines 1--2
[] 
 []

! Undefined control sequence.
l.3 \section
            {引言}
The control sequence at the end of the top line
of your error message was never \def'ed. If you have
misspelled it (e.g., `\hobx'), type `I' and the correct
spelling (e.g., `I\hbox'). Otherwise just continue,
and I'll forget about whatever was undefined.


! LaTeX Error: Missing \begin{document}.

See the LaTeX manual or LaTeX Companion for explanation.
Type  H <return>  for immediate help.
 ...                                              
                                                  
l.3 \section{引
              言}
You're in trouble here.  Try typing  <return>  to proceed.
If that doesn't work, type  X <return>  to quit.

Missing character: There is no 引 in font nullfont!
Missing character: There is no 言 in font nullfont!

Overfull \hbox (20.0pt too wide) in paragraph at lines 3--4
[] 
 []

! Undefined control sequence.
l.5 \section
            {视频片段检索}
The control sequence at the end of the top line
of your error message was never \def'ed. If you have
misspelled it (e.g., `\hobx'), type `I' and the correct
spelling (e.g., `I\hbox'). Otherwise just continue,
and I'll forget about whatever was undefined.


! LaTeX Error: Missing \begin{document}.

See the LaTeX manual or LaTeX Companion for explanation.
Type  H <return>  for immediate help.
 ...                                              
                                                  
l.5 \section{视
              频片段检索}
You're in trouble here.  Try typing  <return>  to proceed.
If that doesn't work, type  X <return>  to quit.

Missing character: There is no 视 in font nullfont!
Missing character: There is no 频 in font nullfont!
Missing character: There is no 片 in font nullfont!
Missing character: There is no 段 in font nullfont!
Missing character: There is no 检 in font nullfont!
Missing character: There is no 索 in font nullfont!

Overfull \hbox (20.0pt too wide) in paragraph at lines 5--6
[] 
 []

! Undefined control sequence.
l.7 \section
            {实验设置与性能对比}
The control sequence at the end of the top line
of your error message was never \def'ed. If you have
misspelled it (e.g., `\hobx'), type `I' and the correct
spelling (e.g., `I\hbox'). Otherwise just continue,
and I'll forget about whatever was undefined.


! LaTeX Error: Missing \begin{document}.

See the LaTeX manual or LaTeX Companion for explanation.
Type  H <return>  for immediate help.
 ...                                              
                                                  
l.7 \section{实
              验设置与性能对比}
You're in trouble here.  Try typing  <return>  to proceed.
If that doesn't work, type  X <return>  to quit.

Missing character: There is no 实 in font nullfont!
Missing character: There is no 验 in font nullfont!
Missing character: There is no 设 in font nullfont!
Missing character: There is no 置 in font nullfont!
Missing character: There is no 与 in font nullfont!
Missing character: There is no 性 in font nullfont!
Missing character: There is no 能 in font nullfont!
Missing character: There is no 对 in font nullfont!
Missing character: There is no 比 in font nullfont!

Overfull \hbox (20.0pt too wide) in paragraph at lines 7--8
[] 
 []

! Undefined control sequence.
l.9 \subsection
               {视频片段检索数据集}
The control sequence at the end of the top line
of your error message was never \def'ed. If you have
misspelled it (e.g., `\hobx'), type `I' and the correct
spelling (e.g., `I\hbox'). Otherwise just continue,
and I'll forget about whatever was undefined.


! LaTeX Error: Missing \begin{document}.

See the LaTeX manual or LaTeX Companion for explanation.
Type  H <return>  for immediate help.
 ...                                              
                                                  
l.9 \subsection{视
                 频片段检索数据集}
You're in trouble here.  Try typing  <return>  to proceed.
If that doesn't work, type  X <return>  to quit.

Missing character: There is no 视 in font nullfont!
Missing character: There is no 频 in font nullfont!
Missing character: There is no 片 in font nullfont!
Missing character: There is no 段 in font nullfont!
Missing character: There is no 检 in font nullfont!
Missing character: There is no 索 in font nullfont!
Missing character: There is no 数 in font nullfont!
Missing character: There is no 据 in font nullfont!
Missing character: There is no 集 in font nullfont!

Overfull \hbox (20.0pt too wide) in paragraph at lines 9--10
[] 
 []

! Undefined control sequence.
l.11 \subsubsection
                   {基于语句的视频片段检索数据集}
The control sequence at the end of the top line
of your error message was never \def'ed. If you have
misspelled it (e.g., `\hobx'), type `I' and the correct
spelling (e.g., `I\hbox'). Otherwise just continue,
and I'll forget about whatever was undefined.


! LaTeX Error: Missing \begin{document}.

See the LaTeX manual or LaTeX Companion for explanation.
Type  H <return>  for immediate help.
 ...                                              
                                                  
l.11 \subsubsection{基
                     于语句的视频片段检索数据集}
You're in trouble here.  Try typing  <return>  to proceed.
If that doesn't work, type  X <return>  to quit.

Missing character: There is no 基 in font nullfont!
Missing character: There is no 于 in font nullfont!
Missing character: There is no 语 in font nullfont!
Missing character: There is no 句 in font nullfont!
Missing character: There is no 的 in font nullfont!
Missing character: There is no 视 in font nullfont!
Missing character: There is no 频 in font nullfont!
Missing character: There is no 片 in font nullfont!
Missing character: There is no 段 in font nullfont!
Missing character: There is no 检 in font nullfont!
Missing character: There is no 索 in font nullfont!
Missing character: There is no 数 in font nullfont!
Missing character: There is no 据 in font nullfont!
Missing character: There is no 集 in font nullfont!

Overfull \hbox (20.0pt too wide) in paragraph at lines 11--12
[] 
 []


! LaTeX Error: Missing \begin{document}.

See the LaTeX manual or LaTeX Companion for explanation.
Type  H <return>  for immediate help.
 ...                                              
                                                  
l.13 \noindent
              \textbf{TACoS}~\cite{regneri2013grounding}：它一共包含127个视频和17344个文...

You're in trouble here.  Try typing  <return>  to proceed.
If that doesn't work, type  X <return>  to quit.

Missing character: There is no [ in font nullfont!
\citation{regneri2013grounding}
! Undefined control sequence.
<write> ...: Citation `\@citeb ' on page \thepage 
                                                  \space undefined\on@line .^^J
l.13 ...\textbf{TACoS}~\cite{regneri2013grounding}
                                                  ：它一共包含127个视频和17344个文本与视频序列...
The control sequence at the end of the top line
of your error message was never \def'ed. If you have
misspelled it (e.g., `\hobx'), type `I' and the correct
spelling (e.g., `I\hbox'). Otherwise just continue,
and I'll forget about whatever was undefined.


LaTeX Warning: Citation `regneri2013grounding' on page  undefined on input line
 13.

Missing character: There is no ] in font nullfont!
Missing character: There is no ： in font nullfont!
Missing character: There is no 它 in font nullfont!
Missing character: There is no 一 in font nullfont!
Missing character: There is no 共 in font nullfont!
Missing character: There is no 包 in font nullfont!
Missing character: There is no 含 in font nullfont!
Missing character: There is no 1 in font nullfont!
Missing character: There is no 2 in font nullfont!
Missing character: There is no 7 in font nullfont!
Missing character: There is no 个 in font nullfont!
Missing character: There is no 视 in font nullfont!
Missing character: There is no 频 in font nullfont!
Missing character: There is no 和 in font nullfont!
Missing character: There is no 1 in font nullfont!
Missing character: There is no 7 in font nullfont!
Missing character: There is no 3 in font nullfont!
Missing character: There is no 4 in font nullfont!
Missing character: There is no 4 in font nullfont!
Missing character: There is no 个 in font nullfont!
Missing character: There is no 文 in font nullfont!
Missing character: There is no 本 in font nullfont!
Missing character: There is no 与 in font nullfont!
Missing character: There is no 视 in font nullfont!
Missing character: There is no 频 in font nullfont!
Missing character: There is no 序 in font nullfont!
Missing character: There is no 列 in font nullfont!
Missing character: There is no 对 in font nullfont!
Missing character: There is no （ in font nullfont!
Missing character: There is no 样 in font nullfont!
Missing character: There is no 本 in font nullfont!
Missing character: There is no ） in font nullfont!
Missing character: There is no 。 in font nullfont!
Missing character: There is no 我 in font nullfont!
Missing character: There is no 们 in font nullfont!
Missing character: There is no 参 in font nullfont!
Missing character: There is no 考 in font nullfont!
Missing character: There is no 现 in font nullfont!
Missing character: There is no 有 in font nullfont!
Missing character: There is no 的 in font nullfont!
Missing character: There is no 标 in font nullfont!
Missing character: There is no 准 in font nullfont!
Missing character: There is no 数 in font nullfont!
Missing character: There is no 据 in font nullfont!
Missing character: There is no 集 in font nullfont!
Missing character: There is no 划 in font nullfont!
Missing character: There is no 分 in font nullfont!
Missing character: There is no [ in font nullfont!
\citation{gao2017tall}
! Undefined control sequence.
<write> ...: Citation `\@citeb ' on page \thepage 
                                                  \space undefined\on@line .^^J
l.13 ...频序列对（样本）。我们参考现有的标准数据集划分~\cite{gao2017tall}
                                                  ，将其中50\%的样本作为训练集，25\%的样本作为...
The control sequence at the end of the top line
of your error message was never \def'ed. If you have
misspelled it (e.g., `\hobx'), type `I' and the correct
spelling (e.g., `I\hbox'). Otherwise just continue,
and I'll forget about whatever was undefined.


LaTeX Warning: Citation `gao2017tall' on page  undefined on input line 13.

Missing character: There is no ] in font nullfont!
Missing character: There is no ， in font nullfont!
Missing character: There is no 将 in font nullfont!
Missing character: There is no 其 in font nullfont!
Missing character: There is no 中 in font nullfont!
Missing character: There is no 5 in font nullfont!
Missing character: There is no 0 in font nullfont!
Missing character: There is no % in font nullfont!
Missing character: There is no 的 in font nullfont!
Missing character: There is no 样 in font nullfont!
Missing character: There is no 本 in font nullfont!
Missing character: There is no 作 in font nullfont!
Missing character: There is no 为 in font nullfont!
Missing character: There is no 训 in font nullfont!
Missing character: There is no 练 in font nullfont!
Missing character: There is no 集 in font nullfont!
Missing character: There is no ， in font nullfont!
Missing character: There is no 2 in font nullfont!
Missing character: There is no 5 in font nullfont!
Missing character: There is no % in font nullfont!
Missing character: There is no 的 in font nullfont!
Missing character: There is no 样 in font nullfont!
Missing character: There is no 本 in font nullfont!
Missing character: There is no 作 in font nullfont!
Missing character: There is no 为 in font nullfont!
Missing character: There is no 验 in font nullfont!
Missing character: There is no 证 in font nullfont!
Missing character: There is no 集 in font nullfont!
Missing character: There is no ， in font nullfont!
Missing character: There is no 2 in font nullfont!
Missing character: There is no 5 in font nullfont!
Missing character: There is no % in font nullfont!
Missing character: There is no 的 in font nullfont!
Missing character: There is no 样 in font nullfont!
Missing character: There is no 本 in font nullfont!
Missing character: There is no 作 in font nullfont!
Missing character: There is no 为 in font nullfont!
Missing character: There is no 测 in font nullfont!
Missing character: There is no 试 in font nullfont!
Missing character: There is no 集 in font nullfont!
Missing character: There is no 。 in font nullfont!
Missing character: There is no 每 in font nullfont!
Missing character: There is no 个 in font nullfont!
Missing character: There is no 样 in font nullfont!
Missing character: There is no 本 in font nullfont!
Missing character: There is no 中 in font nullfont!
Missing character: There is no 视 in font nullfont!
Missing character: There is no 频 in font nullfont!
Missing character: There is no 的 in font nullfont!
Missing character: There is no 平 in font nullfont!
Missing character: There is no 均 in font nullfont!
Missing character: There is no 长 in font nullfont!
Missing character: There is no 度 in font nullfont!
Missing character: There is no 为 in font nullfont!
Missing character: There is no 5 in font nullfont!
Missing character: There is no 分 in font nullfont!
Missing character: There is no 钟 in font nullfont!
Missing character: There is no 。 in font nullfont!

Overfull \hbox (46.71999pt too wide) in paragraph at lines 13--14
\TU/lmr/bx/n/10 TACoS [] [] 
 []


! LaTeX Error: Missing \begin{document}.

See the LaTeX manual or LaTeX Companion for explanation.
Type  H <return>  for immediate help.
 ...                                              
                                                  
l.16 \noindent
              \textbf{Charades-STA}~\cite{gao2017tall}：它一共包含12408个文本与视频序列对作为...

You're in trouble here.  Try typing  <return>  to proceed.
If that doesn't work, type  X <return>  to quit.

Missing character: There is no [ in font nullfont!
\citation{gao2017tall}
! Undefined control sequence.
<write> ...: Citation `\@citeb ' on page \thepage 
                                                  \space undefined\on@line .^^J
l.16 ...nt\textbf{Charades-STA}~\cite{gao2017tall}
                                                  ：它一共包含12408个文本与视频序列对作为训练集，...
The control sequence at the end of the top line
of your error message was never \def'ed. If you have
misspelled it (e.g., `\hobx'), type `I' and the correct
spelling (e.g., `I\hbox'). Otherwise just continue,
and I'll forget about whatever was undefined.


LaTeX Warning: Citation `gao2017tall' on page  undefined on input line 16.

Missing character: There is no ] in font nullfont!
Missing character: There is no ： in font nullfont!
Missing character: There is no 它 in font nullfont!
Missing character: There is no 一 in font nullfont!
Missing character: There is no 共 in font nullfont!
Missing character: There is no 包 in font nullfont!
Missing character: There is no 含 in font nullfont!
Missing character: There is no 1 in font nullfont!
Missing character: There is no 2 in font nullfont!
Missing character: There is no 4 in font nullfont!
Missing character: There is no 0 in font nullfont!
Missing character: There is no 8 in font nullfont!
Missing character: There is no 个 in font nullfont!
Missing character: There is no 文 in font nullfont!
Missing character: There is no 本 in font nullfont!
Missing character: There is no 与 in font nullfont!
Missing character: There is no 视 in font nullfont!
Missing character: There is no 频 in font nullfont!
Missing character: There is no 序 in font nullfont!
Missing character: There is no 列 in font nullfont!
Missing character: There is no 对 in font nullfont!
Missing character: There is no 作 in font nullfont!
Missing character: There is no 为 in font nullfont!
Missing character: There is no 训 in font nullfont!
Missing character: There is no 练 in font nullfont!
Missing character: There is no 集 in font nullfont!
Missing character: There is no ， in font nullfont!
Missing character: There is no 3 in font nullfont!
Missing character: There is no 7 in font nullfont!
Missing character: There is no 2 in font nullfont!
Missing character: There is no 0 in font nullfont!
Missing character: There is no 个 in font nullfont!
Missing character: There is no 文 in font nullfont!
Missing character: There is no 本 in font nullfont!
Missing character: There is no 与 in font nullfont!
Missing character: There is no 视 in font nullfont!
Missing character: There is no 频 in font nullfont!
Missing character: There is no 序 in font nullfont!
Missing character: There is no 列 in font nullfont!
Missing character: There is no 对 in font nullfont!
Missing character: There is no 作 in font nullfont!
Missing character: There is no 为 in font nullfont!
Missing character: There is no 测 in font nullfont!
Missing character: There is no 试 in font nullfont!
Missing character: There is no 集 in font nullfont!
Missing character: There is no 。 in font nullfont!
Missing character: There is no 每 in font nullfont!
Missing character: There is no 个 in font nullfont!
Missing character: There is no 样 in font nullfont!
Missing character: There is no 本 in font nullfont!
Missing character: There is no 中 in font nullfont!
Missing character: There is no 视 in font nullfont!
Missing character: There is no 频 in font nullfont!
Missing character: There is no 的 in font nullfont!
Missing character: There is no 平 in font nullfont!
Missing character: There is no 均 in font nullfont!
Missing character: There is no 长 in font nullfont!
Missing character: There is no 度 in font nullfont!
Missing character: There is no 为 in font nullfont!
Missing character: There is no 3 in font nullfont!
Missing character: There is no 0 in font nullfont!
Missing character: There is no 秒 in font nullfont!
Missing character: There is no 。 in font nullfont!

Overfull \hbox (50.65001pt too wide) in paragraph at lines 16--17
\TU/lmr/bx/n/10 Charades-
 []


Overfull \hbox (27.54999pt too wide) in paragraph at lines 16--17
\TU/lmr/bx/n/10 STA [] 
 []


! LaTeX Error: Missing \begin{document}.

See the LaTeX manual or LaTeX Companion for explanation.
Type  H <return>  for immediate help.
 ...                                              
                                                  
l.19 \noindent
              \textbf{ActivityNet Captions}~\cite{krishna2017dense}：它是目前为止最大...

You're in trouble here.  Try typing  <return>  to proceed.
If that doesn't work, type  X <return>  to quit.

Missing character: There is no [ in font nullfont!
\citation{krishna2017dense}
! Undefined control sequence.
<write> ...: Citation `\@citeb ' on page \thepage 
                                                  \space undefined\on@line .^^J
l.19 ...ivityNet Captions}~\cite{krishna2017dense}
                                                  ：它是目前为止最大、最丰富的数据集，一共包含1920...
The control sequence at the end of the top line
of your error message was never \def'ed. If you have
misspelled it (e.g., `\hobx'), type `I' and the correct
spelling (e.g., `I\hbox'). Otherwise just continue,
and I'll forget about whatever was undefined.


LaTeX Warning: Citation `krishna2017dense' on page  undefined on input line 19.


Missing character: There is no ] in font nullfont!
Missing character: There is no ： in font nullfont!
Missing character: There is no 它 in font nullfont!
Missing character: There is no 是 in font nullfont!
Missing character: There is no 目 in font nullfont!
Missing character: There is no 前 in font nullfont!
Missing character: There is no 为 in font nullfont!
Missing character: There is no 止 in font nullfont!
Missing character: There is no 最 in font nullfont!
Missing character: There is no 大 in font nullfont!
Missing character: There is no 、 in font nullfont!
Missing character: There is no 最 in font nullfont!
Missing character: There is no 丰 in font nullfont!
Missing character: There is no 富 in font nullfont!
Missing character: There is no 的 in font nullfont!
Missing character: There is no 数 in font nullfont!
Missing character: There is no 据 in font nullfont!
Missing character: There is no 集 in font nullfont!
Missing character: There is no ， in font nullfont!
Missing character: There is no 一 in font nullfont!
Missing character: There is no 共 in font nullfont!
Missing character: There is no 包 in font nullfont!
Missing character: There is no 含 in font nullfont!
Missing character: There is no 1 in font nullfont!
Missing character: There is no 9 in font nullfont!
Missing character: There is no 2 in font nullfont!
Missing character: There is no 0 in font nullfont!
Missing character: There is no 9 in font nullfont!
Missing character: There is no 个 in font nullfont!
Missing character: There is no 视 in font nullfont!
Missing character: There is no 频 in font nullfont!
Missing character: There is no 。 in font nullfont!
Missing character: There is no 我 in font nullfont!
Missing character: There is no 们 in font nullfont!
Missing character: There is no 参 in font nullfont!
Missing character: There is no 考 in font nullfont!
Missing character: There is no 现 in font nullfont!
Missing character: There is no 有 in font nullfont!
Missing character: There is no 的 in font nullfont!
Missing character: There is no 工 in font nullfont!
Missing character: There is no 作 in font nullfont!

Overfull \hbox (59.36pt too wide) in paragraph at lines 19--20
\TU/lmr/bx/n/10 ActivityNet
 []


Overfull \hbox (24.12pt too wide) in paragraph at lines 19--20
\TU/lmr/bx/n/10 Cap-
 []


Overfull \hbox (29.76999pt too wide) in paragraph at lines 19--20
\TU/lmr/bx/n/10 tions [] 
 []

! Undefined control sequence.
l.22 \subsubsection
                   {基于视频的视频片段检索数据集}
The control sequence at the end of the top line
of your error message was never \def'ed. If you have
misspelled it (e.g., `\hobx'), type `I' and the correct
spelling (e.g., `I\hbox'). Otherwise just continue,
and I'll forget about whatever was undefined.


! LaTeX Error: Missing \begin{document}.

See the LaTeX manual or LaTeX Companion for explanation.
Type  H <return>  for immediate help.
 ...                                              
                                                  
l.22 \subsubsection{基
                     于视频的视频片段检索数据集}
You're in trouble here.  Try typing  <return>  to proceed.
If that doesn't work, type  X <return>  to quit.

Missing character: There is no 基 in font nullfont!
Missing character: There is no 于 in font nullfont!
Missing character: There is no 视 in font nullfont!
Missing character: There is no 频 in font nullfont!
Missing character: There is no 的 in font nullfont!
Missing character: There is no 视 in font nullfont!
Missing character: There is no 频 in font nullfont!
Missing character: There is no 片 in font nullfont!
Missing character: There is no 段 in font nullfont!
Missing character: There is no 检 in font nullfont!
Missing character: There is no 索 in font nullfont!
Missing character: There is no 数 in font nullfont!
Missing character: There is no 据 in font nullfont!
Missing character: There is no 集 in font nullfont!

Overfull \hbox (20.0pt too wide) in paragraph at lines 22--23
[] 
 []


! LaTeX Error: Missing \begin{document}.

See the LaTeX manual or LaTeX Companion for explanation.
Type  H <return>  for immediate help.
 ...                                              
                                                  
l.24 \noindent
              \textbf{ActivityNet-VRL}~\cite{feng2018video}
You're in trouble here.  Try typing  <return>  to proceed.
If that doesn't work, type  X <return>  to quit.

Missing character: There is no [ in font nullfont!
\citation{feng2018video}
! Undefined control sequence.
<write> ...: Citation `\@citeb ' on page \thepage 
                                                  \space undefined\on@line .^^J
l.24 ...xtbf{ActivityNet-VRL}~\cite{feng2018video}
                                                  
The control sequence at the end of the top line
of your error message was never \def'ed. If you have
misspelled it (e.g., `\hobx'), type `I' and the correct
spelling (e.g., `I\hbox'). Otherwise just continue,
and I'll forget about whatever was undefined.


LaTeX Warning: Citation `feng2018video' on page  undefined on input line 24.

Missing character: There is no ] in font nullfont!

Overfull \hbox (63.19pt too wide) in paragraph at lines 24--25
\TU/lmr/bx/n/10 ActivityNet-
 []


Overfull \hbox (29.67pt too wide) in paragraph at lines 24--25
\TU/lmr/bx/n/10 VRL [] 
 []

! Undefined control sequence.
l.26 \subsection
                {评价指标}
The control sequence at the end of the top line
of your error message was never \def'ed. If you have
misspelled it (e.g., `\hobx'), type `I' and the correct
spelling (e.g., `I\hbox'). Otherwise just continue,
and I'll forget about whatever was undefined.


! LaTeX Error: Missing \begin{document}.

See the LaTeX manual or LaTeX Companion for explanation.
Type  H <return>  for immediate help.
 ...                                              
                                                  
l.26 \subsection{评
                  价指标}
You're in trouble here.  Try typing  <return>  to proceed.
If that doesn't work, type  X <return>  to quit.

Missing character: There is no 评 in font nullfont!
Missing character: There is no 价 in font nullfont!
Missing character: There is no 指 in font nullfont!
Missing character: There is no 标 in font nullfont!

Overfull \hbox (20.0pt too wide) in paragraph at lines 26--27
[] 
 []

! Undefined control sequence.
l.29 \subsubsection
                   {基于语句的视频片段检索评价指标}
The control sequence at the end of the top line
of your error message was never \def'ed. If you have
misspelled it (e.g., `\hobx'), type `I' and the correct
spelling (e.g., `I\hbox'). Otherwise just continue,
and I'll forget about whatever was undefined.


! LaTeX Error: Missing \begin{document}.

See the LaTeX manual or LaTeX Companion for explanation.
Type  H <return>  for immediate help.
 ...                                              
                                                  
l.29 \subsubsection{基
                     于语句的视频片段检索评价指标}
You're in trouble here.  Try typing  <return>  to proceed.
If that doesn't work, type  X <return>  to quit.

Missing character: There is no 基 in font nullfont!
Missing character: There is no 于 in font nullfont!
Missing character: There is no 语 in font nullfont!
Missing character: There is no 句 in font nullfont!
Missing character: There is no 的 in font nullfont!
Missing character: There is no 视 in font nullfont!
Missing character: There is no 频 in font nullfont!
Missing character: There is no 片 in font nullfont!
Missing character: There is no 段 in font nullfont!
Missing character: There is no 检 in font nullfont!
Missing character: There is no 索 in font nullfont!
Missing character: There is no 评 in font nullfont!
Missing character: There is no 价 in font nullfont!
Missing character: There is no 指 in font nullfont!
Missing character: There is no 标 in font nullfont!

Overfull \hbox (20.0pt too wide) in paragraph at lines 29--30
[] 
 []

! Undefined control sequence.
l.32 \subsubsection
                   {基于视频的视频片段检索评价指标}
The control sequence at the end of the top line
of your error message was never \def'ed. If you have
misspelled it (e.g., `\hobx'), type `I' and the correct
spelling (e.g., `I\hbox'). Otherwise just continue,
and I'll forget about whatever was undefined.


! LaTeX Error: Missing \begin{document}.

See the LaTeX manual or LaTeX Companion for explanation.
Type  H <return>  for immediate help.
 ...                                              
                                                  
l.32 \subsubsection{基
                     于视频的视频片段检索评价指标}
You're in trouble here.  Try typing  <return>  to proceed.
If that doesn't work, type  X <return>  to quit.

Missing character: There is no 基 in font nullfont!
Missing character: There is no 于 in font nullfont!
Missing character: There is no 视 in font nullfont!
Missing character: There is no 频 in font nullfont!
Missing character: There is no 的 in font nullfont!
Missing character: There is no 视 in font nullfont!
Missing character: There is no 频 in font nullfont!
Missing character: There is no 片 in font nullfont!
Missing character: There is no 段 in font nullfont!
Missing character: There is no 检 in font nullfont!
Missing character: There is no 索 in font nullfont!
Missing character: There is no 评 in font nullfont!
Missing character: There is no 价 in font nullfont!
Missing character: There is no 指 in font nullfont!
Missing character: There is no 标 in font nullfont!

Overfull \hbox (20.0pt too wide) in paragraph at lines 32--33
[] 
 []

! Undefined control sequence.
l.34 \section
             {本章小结}
The control sequence at the end of the top line
of your error message was never \def'ed. If you have
misspelled it (e.g., `\hobx'), type `I' and the correct
spelling (e.g., `I\hbox'). Otherwise just continue,
and I'll forget about whatever was undefined.


! LaTeX Error: Missing \begin{document}.

See the LaTeX manual or LaTeX Companion for explanation.
Type  H <return>  for immediate help.
 ...                                              
                                                  
l.34 \section{本
               章小结}
You're in trouble here.  Try typing  <return>  to proceed.
If that doesn't work, type  X <return>  to quit.

Missing character: There is no 本 in font nullfont!
Missing character: There is no 章 in font nullfont!
Missing character: There is no 小 in font nullfont!
Missing character: There is no 结 in font nullfont!

Overfull \hbox (20.0pt too wide) in paragraph at lines 34--35
[] 
 []

)

! LaTeX Error: Missing \begin{document}.

See the LaTeX manual or LaTeX Companion for explanation.
Type  H <return>  for immediate help.
 ...                                              
                                                  
<*> chap6.tex -
               recorder
You're in trouble here.  Try typing  <return>  to proceed.
If that doesn't work, type  X <return>  to quit.

Missing character: There is no - in font nullfont!
Missing character: There is no r in font nullfont!
Missing character: There is no e in font nullfont!
Missing character: There is no c in font nullfont!
Missing character: There is no o in font nullfont!
Missing character: There is no r in font nullfont!
Missing character: There is no d in font nullfont!
Missing character: There is no e in font nullfont!
Missing character: There is no r in font nullfont!
! Emergency stop.
<*> chap6.tex -recorder
                       
*** (job aborted, no legal \end found)

 
Here is how much of TeX's memory you used:
 11 strings out of 492916
 207 string characters out of 6133344
 65431 words of memory out of 5000000
 4162 multiletter control sequences out of 15000+600000
 3656 words of font info for 16 fonts, out of 8000000 for 9000
 1348 hyphenation exceptions out of 8191
 19i,2n,24p,221b,75s stack positions out of 5000i,500n,10000p,200000b,80000s
No pages of output.
