This is XeTeX, Version 3.14159265-2.6-0.999991 (TeX Live 2019) (preloaded format=xelatex 2019.12.18)  23 DEC 2019 10:04
entering extended mode
 restricted \write18 enabled.
 %&-line parsing enabled.
**chap1.tex -recorder
(./chap1.tex
LaTeX2e <2018-12-01>
! Undefined control sequence.
l.2 \chapter
            {绪论}
The control sequence at the end of the top line
of your error message was never \def'ed. If you have
misspelled it (e.g., `\hobx'), type `I' and the correct
spelling (e.g., `I\hbox'). Otherwise just continue,
and I'll forget about whatever was undefined.


! LaTeX Error: Missing \begin{document}.

See the LaTeX manual or LaTeX Companion for explanation.
Type  H <return>  for immediate help.
 ...                                              
                                                  
l.2 \chapter{绪
              论}
You're in trouble here.  Try typing  <return>  to proceed.
If that doesn't work, type  X <return>  to quit.

Missing character: There is no 绪 in font nullfont!
Missing character: There is no 论 in font nullfont!

Overfull \hbox (20.0pt too wide) in paragraph at lines 2--3
[] 
 []

! Undefined control sequence.
l.7 \section
            {研究背景}
The control sequence at the end of the top line
of your error message was never \def'ed. If you have
misspelled it (e.g., `\hobx'), type `I' and the correct
spelling (e.g., `I\hbox'). Otherwise just continue,
and I'll forget about whatever was undefined.


! LaTeX Error: Missing \begin{document}.

See the LaTeX manual or LaTeX Companion for explanation.
Type  H <return>  for immediate help.
 ...                                              
                                                  
l.7 \section{研
              究背景}
You're in trouble here.  Try typing  <return>  to proceed.
If that doesn't work, type  X <return>  to quit.

Missing character: There is no 研 in font nullfont!
Missing character: There is no 究 in font nullfont!
Missing character: There is no 背 in font nullfont!
Missing character: There is no 景 in font nullfont!

Overfull \hbox (20.0pt too wide) in paragraph at lines 7--8
[] 
 []

! Undefined control sequence.
l.9 \section
            {研究内容}
The control sequence at the end of the top line
of your error message was never \def'ed. If you have
misspelled it (e.g., `\hobx'), type `I' and the correct
spelling (e.g., `I\hbox'). Otherwise just continue,
and I'll forget about whatever was undefined.


! LaTeX Error: Missing \begin{document}.

See the LaTeX manual or LaTeX Companion for explanation.
Type  H <return>  for immediate help.
 ...                                              
                                                  
l.9 \section{研
              究内容}
You're in trouble here.  Try typing  <return>  to proceed.
If that doesn't work, type  X <return>  to quit.

Missing character: There is no 研 in font nullfont!
Missing character: There is no 究 in font nullfont!
Missing character: There is no 内 in font nullfont!
Missing character: There is no 容 in font nullfont!
! Undefined control sequence.
l.10 \subsection
                {基于属性保持的零样本物体识别}
The control sequence at the end of the top line
of your error message was never \def'ed. If you have
misspelled it (e.g., `\hobx'), type `I' and the correct
spelling (e.g., `I\hbox'). Otherwise just continue,
and I'll forget about whatever was undefined.

Missing character: There is no 基 in font nullfont!
Missing character: There is no 于 in font nullfont!
Missing character: There is no 属 in font nullfont!
Missing character: There is no 性 in font nullfont!
Missing character: There is no 保 in font nullfont!
Missing character: There is no 持 in font nullfont!
Missing character: There is no 的 in font nullfont!
Missing character: There is no 零 in font nullfont!
Missing character: There is no 样 in font nullfont!
Missing character: There is no 本 in font nullfont!
Missing character: There is no 物 in font nullfont!
Missing character: There is no 体 in font nullfont!
Missing character: There is no 识 in font nullfont!
Missing character: There is no 别 in font nullfont!

Overfull \hbox (20.0pt too wide) in paragraph at lines 9--11
[]
 []

! Undefined control sequence.
l.12 \subsection
                {基于反事实多智能体学习的图像场景图检测}
The control sequence at the end of the top line
of your error message was never \def'ed. If you have
misspelled it (e.g., `\hobx'), type `I' and the correct
spelling (e.g., `I\hbox'). Otherwise just continue,
and I'll forget about whatever was undefined.


! LaTeX Error: Missing \begin{document}.

See the LaTeX manual or LaTeX Companion for explanation.
Type  H <return>  for immediate help.
 ...                                              
                                                  
l.12 \subsection{基
                  于反事实多智能体学习的图像场景图检测}
You're in trouble here.  Try typing  <return>  to proceed.
If that doesn't work, type  X <return>  to quit.

Missing character: There is no 基 in font nullfont!
Missing character: There is no 于 in font nullfont!
Missing character: There is no 反 in font nullfont!
Missing character: There is no 事 in font nullfont!
Missing character: There is no 实 in font nullfont!
Missing character: There is no 多 in font nullfont!
Missing character: There is no 智 in font nullfont!
Missing character: There is no 能 in font nullfont!
Missing character: There is no 体 in font nullfont!
Missing character: There is no 学 in font nullfont!
Missing character: There is no 习 in font nullfont!
Missing character: There is no 的 in font nullfont!
Missing character: There is no 图 in font nullfont!
Missing character: There is no 像 in font nullfont!
Missing character: There is no 场 in font nullfont!
Missing character: There is no 景 in font nullfont!
Missing character: There is no 图 in font nullfont!
Missing character: There is no 检 in font nullfont!
Missing character: There is no 测 in font nullfont!

Overfull \hbox (20.0pt too wide) in paragraph at lines 12--13
[] 
 []

! Undefined control sequence.
l.14 \subsection
                {基于通道注意力机制的图像描述语句生成}
The control sequence at the end of the top line
of your error message was never \def'ed. If you have
misspelled it (e.g., `\hobx'), type `I' and the correct
spelling (e.g., `I\hbox'). Otherwise just continue,
and I'll forget about whatever was undefined.


! LaTeX Error: Missing \begin{document}.

See the LaTeX manual or LaTeX Companion for explanation.
Type  H <return>  for immediate help.
 ...                                              
                                                  
l.14 \subsection{基
                  于通道注意力机制的图像描述语句生成}
You're in trouble here.  Try typing  <return>  to proceed.
If that doesn't work, type  X <return>  to quit.

Missing character: There is no 基 in font nullfont!
Missing character: There is no 于 in font nullfont!
Missing character: There is no 通 in font nullfont!
Missing character: There is no 道 in font nullfont!
Missing character: There is no 注 in font nullfont!
Missing character: There is no 意 in font nullfont!
Missing character: There is no 力 in font nullfont!
Missing character: There is no 机 in font nullfont!
Missing character: There is no 制 in font nullfont!
Missing character: There is no 的 in font nullfont!
Missing character: There is no 图 in font nullfont!
Missing character: There is no 像 in font nullfont!
Missing character: There is no 描 in font nullfont!
Missing character: There is no 述 in font nullfont!
Missing character: There is no 语 in font nullfont!
Missing character: There is no 句 in font nullfont!
Missing character: There is no 生 in font nullfont!
Missing character: There is no 成 in font nullfont!

Overfull \hbox (20.0pt too wide) in paragraph at lines 14--15
[] 
 []

! Undefined control sequence.
l.16 \subsection
                {基于反事实样本生成的图像视觉问答}
The control sequence at the end of the top line
of your error message was never \def'ed. If you have
misspelled it (e.g., `\hobx'), type `I' and the correct
spelling (e.g., `I\hbox'). Otherwise just continue,
and I'll forget about whatever was undefined.


! LaTeX Error: Missing \begin{document}.

See the LaTeX manual or LaTeX Companion for explanation.
Type  H <return>  for immediate help.
 ...                                              
                                                  
l.16 \subsection{基
                  于反事实样本生成的图像视觉问答}
You're in trouble here.  Try typing  <return>  to proceed.
If that doesn't work, type  X <return>  to quit.

Missing character: There is no 基 in font nullfont!
Missing character: There is no 于 in font nullfont!
Missing character: There is no 反 in font nullfont!
Missing character: There is no 事 in font nullfont!
Missing character: There is no 实 in font nullfont!
Missing character: There is no 样 in font nullfont!
Missing character: There is no 本 in font nullfont!
Missing character: There is no 生 in font nullfont!
Missing character: There is no 成 in font nullfont!
Missing character: There is no 的 in font nullfont!
Missing character: There is no 图 in font nullfont!
Missing character: There is no 像 in font nullfont!
Missing character: There is no 视 in font nullfont!
Missing character: There is no 觉 in font nullfont!
Missing character: There is no 问 in font nullfont!
Missing character: There is no 答 in font nullfont!

Overfull \hbox (20.0pt too wide) in paragraph at lines 16--17
[] 
 []

! Undefined control sequence.
l.18 \subsection
                {基于自底向上框架的视频片段检索}
The control sequence at the end of the top line
of your error message was never \def'ed. If you have
misspelled it (e.g., `\hobx'), type `I' and the correct
spelling (e.g., `I\hbox'). Otherwise just continue,
and I'll forget about whatever was undefined.


! LaTeX Error: Missing \begin{document}.

See the LaTeX manual or LaTeX Companion for explanation.
Type  H <return>  for immediate help.
 ...                                              
                                                  
l.18 \subsection{基
                  于自底向上框架的视频片段检索}
You're in trouble here.  Try typing  <return>  to proceed.
If that doesn't work, type  X <return>  to quit.

Missing character: There is no 基 in font nullfont!
Missing character: There is no 于 in font nullfont!
Missing character: There is no 自 in font nullfont!
Missing character: There is no 底 in font nullfont!
Missing character: There is no 向 in font nullfont!
Missing character: There is no 上 in font nullfont!
Missing character: There is no 框 in font nullfont!
Missing character: There is no 架 in font nullfont!
Missing character: There is no 的 in font nullfont!
Missing character: There is no 视 in font nullfont!
Missing character: There is no 频 in font nullfont!
Missing character: There is no 片 in font nullfont!
Missing character: There is no 段 in font nullfont!
Missing character: There is no 检 in font nullfont!
Missing character: There is no 索 in font nullfont!

Overfull \hbox (20.0pt too wide) in paragraph at lines 18--19
[] 
 []

! Undefined control sequence.
l.21 \section
             {本文组织结构}
The control sequence at the end of the top line
of your error message was never \def'ed. If you have
misspelled it (e.g., `\hobx'), type `I' and the correct
spelling (e.g., `I\hbox'). Otherwise just continue,
and I'll forget about whatever was undefined.


! LaTeX Error: Missing \begin{document}.

See the LaTeX manual or LaTeX Companion for explanation.
Type  H <return>  for immediate help.
 ...                                              
                                                  
l.21 \section{本
               文组织结构}
You're in trouble here.  Try typing  <return>  to proceed.
If that doesn't work, type  X <return>  to quit.

Missing character: There is no 本 in font nullfont!
Missing character: There is no 文 in font nullfont!
Missing character: There is no 组 in font nullfont!
Missing character: There is no 织 in font nullfont!
Missing character: There is no 结 in font nullfont!
Missing character: There is no 构 in font nullfont!

Overfull \hbox (20.0pt too wide) in paragraph at lines 21--22
[] 
 []

)

! LaTeX Error: Missing \begin{document}.

See the LaTeX manual or LaTeX Companion for explanation.
Type  H <return>  for immediate help.
 ...                                              
                                                  
<*> chap1.tex -
               recorder
You're in trouble here.  Try typing  <return>  to proceed.
If that doesn't work, type  X <return>  to quit.

Missing character: There is no - in font nullfont!
Missing character: There is no r in font nullfont!
Missing character: There is no e in font nullfont!
Missing character: There is no c in font nullfont!
Missing character: There is no o in font nullfont!
Missing character: There is no r in font nullfont!
Missing character: There is no d in font nullfont!
Missing character: There is no e in font nullfont!
Missing character: There is no r in font nullfont!
! Emergency stop.
<*> chap1.tex -recorder
                       
*** (job aborted, no legal \end found)

 
Here is how much of TeX's memory you used:
 4 strings out of 492916
 34 string characters out of 6133344
 64431 words of memory out of 5000000
 4159 multiletter control sequences out of 15000+600000
 3640 words of font info for 14 fonts, out of 8000000 for 9000
 1348 hyphenation exceptions out of 8191
 5i,0n,4p,54b,16s stack positions out of 5000i,500n,10000p,200000b,80000s
No pages of output.
